[Error] handleApplyPreset: Error: Unknown aurora: null
    at createBattle (C:\Users\user\Desktop\Galaxy-Power-Party-master\src\core\battle-engine\state.js:243:34)
    at startGameIfReady (C:\Users\user\Desktop\Galaxy-Power-Party-master\src\server\app\handlers\room-lifecycle.js:37:24)
    at Object.handleApplyPreset (C:\Users\user\Desktop\Galaxy-Power-Party-master\src\server\app\handlers\lobby.js:134:5)
    at Object.run (C:\Users\user\Desktop\Galaxy-Power-Party-master\src\server\transport\message-routes\lobby.js:60:18)
    at Object.dispatch (C:\Users\user\Desktop\Galaxy-Power-Party-master\src\server\transport\message-router.js:25:13)
    at WebSocket.<anonymous> (C:\Users\user\Desktop\Galaxy-Power-Party-master\src\server\app\bootstrap.js:211:21)
    at WebSocket.emit (node:events:508:28)
    at Receiver.receiverOnMessage (C:\Users\user\Desktop\Galaxy-Power-Party-master\node_modules\ws\lib\websocket.js:1225:20)
    at Receiver.emit (node:events:508:28)
    at Receiver.dataMessage (C:\Users\user\Desktop\Galaxy-Power-Party-master\node_modules\ws\lib\receiver.js:596:14)
[Error] handleApplyPreset: Error: Unknown aurora: null
    at createBattle (C:\Users\user\Desktop\Galaxy-Power-Party-master\src\core\battle-engine\state.js:243:34)
    at startGameIfReady (C:\Users\user\Desktop\Galaxy-Power-Party-master\src\server\app\handlers\room-lifecycle.js:37:24)
    at Object.handleApplyPreset (C:\Users\user\Desktop\Galaxy-Power-Party-master\src\server\app\handlers\lobby.js:134:5)
    at Object.run (C:\Users\user\Desktop\Galaxy-Power-Party-master\src\server\transport\message-routes\lobby.js:60:18)
    at Object.dispatch (C:\Users\user\Desktop\Galaxy-Power-Party-master\src\server\transport\message-router.js:25:13)
    at WebSocket.<anonymous> (C:\Users\user\Desktop\Galaxy-Power-Party-master\src\server\app\bootstrap.js:211:21)
    at WebSocket.emit (node:events:508:28)
    at Receiver.receiverOnMessage (C:\Users\user\Desktop\Galaxy-Power-Party-master\node_modules\ws\lib\websocket.js:1225:20)
    at Receiver.emit (node:events:508:28)
    at Receiver.dataMessage (C:\Users\user\Desktop\Galaxy-Power-Party-master\node_modules\ws\lib\receiver.js:596:14)
[Error] handleApplyPreset: Error: Unknown aurora: null
    at createBattle (C:\Users\user\Desktop\Galaxy-Power-Party-master\src\core\battle-engine\state.js:243:34)
    at startGameIfReady (C:\Users\user\Desktop\Galaxy-Power-Party-master\src\server\app\handlers\room-lifecycle.js:37:24)
    at Object.handleApplyPreset (C:\Users\user\Desktop\Galaxy-Power-Party-master\src\server\app\handlers\lobby.js:134:5)
    at Object.run (C:\Users\user\Desktop\Galaxy-Power-Party-master\src\server\transport\message-routes\lobby.js:60:18)
    at Object.dispatch (C:\Users\user\Desktop\Galaxy-Power-Party-master\src\server\transport\message-router.js:25:13)
    at WebSocket.<anonymous> (C:\Users\user\Desktop\Galaxy-Power-Party-master\src\server\app\bootstrap.js:211:21)
    at WebSocket.emit (node:events:508:28)
    at Receiver.receiverOnMessage (C:\Users\user\Desktop\Galaxy-Power-Party-master\node_modules\ws\lib\websocket.js:1225:20)
    at Receiver.emit (node:events:508:28)
    at Receiver.dataMessage (C:\Users\user\Desktop\Galaxy-Power-Party-master\node_modules\ws\lib\receiver.js:596:14)
[Error] handleApplyPreset: Error: Unknown aurora: null
    at createBattle (C:\Users\user\Desktop\Galaxy-Power-Party-master\src\core\battle-engine\state.js:243:34)
    at startGameIfReady (C:\Users\user\Desktop\Galaxy-Power-Party-master\src\server\app\handlers\room-lifecycle.js:37:24)
    at Object.handleApplyPreset (C:\Users\user\Desktop\Galaxy-Power-Party-master\src\server\app\handlers\lobby.js:134:5)
    at Object.run (C:\Users\user\Desktop\Galaxy-Power-Party-master\src\server\transport\message-routes\lobby.js:60:18)
    at Object.dispatch (C:\Users\user\Desktop\Galaxy-Power-Party-master\src\server\transport\message-router.js:25:13)
    at WebSocket.<anonymous> (C:\Users\user\Desktop\Galaxy-Power-Party-master\src\server\app\bootstrap.js:211:21)
    at WebSocket.emit (node:events:508:28)
    at Receiver.receiverOnMessage (C:\Users\user\Desktop\Galaxy-Power-Party-master\node_modules\ws\lib\websocket.js:1225:20)
    at Receiver.emit (node:events:508:28)
    at Receiver.dataMessage (C:\Users\user\Desktop\Galaxy-Power-Party-master\node_modules\ws\lib\receiver.js:596:14)
[Error] handleApplyPreset: Error: Unknown aurora: null
    at createBattle (C:\Users\user\Desktop\Galaxy-Power-Party-master\src\core\battle-engine\state.js:243:34)
    at startGameIfReady (C:\Users\user\Desktop\Galaxy-Power-Party-master\src\server\app\handlers\room-lifecycle.js:37:24)
    at Object.handleApplyPreset (C:\Users\user\Desktop\Galaxy-Power-Party-master\src\server\app\handlers\lobby.js:134:5)
    at Object.run (C:\Users\user\Desktop\Galaxy-Power-Party-master\src\server\transport\message-routes\lobby.js:60:18)
    at Object.dispatch (C:\Users\user\Desktop\Galaxy-Power-Party-master\src\server\transport\message-router.js:25:13)
    at WebSocket.<anonymous> (C:\Users\user\Desktop\Galaxy-Power-Party-master\src\server\app\bootstrap.js:211:21)
    at WebSocket.emit (node:events:508:28)
    at Receiver.receiverOnMessage (C:\Users\user\Desktop\Galaxy-Power-Party-master\node_modules\ws\lib\websocket.js:1225:20)
    at Receiver.emit (node:events:508:28)
    at Receiver.dataMessage (C:\Users\user\Desktop\Galaxy-Power-Party-master\node_modules\ws\lib\receiver.js:596:14)
[Error] handleApplyPreset: Error: Unknown aurora: null
    at createBattle (C:\Users\user\Desktop\Galaxy-Power-Party-master\src\core\battle-engine\state.js:243:34)
    at startGameIfReady (C:\Users\user\Desktop\Galaxy-Power-Party-master\src\server\app\handlers\room-lifecycle.js:37:24)
    at Object.handleApplyPreset (C:\Users\user\Desktop\Galaxy-Power-Party-master\src\server\app\handlers\lobby.js:134:5)
    at Object.run (C:\Users\user\Desktop\Galaxy-Power-Party-master\src\server\transport\message-routes\lobby.js:60:18)
    at Object.dispatch (C:\Users\user\Desktop\Galaxy-Power-Party-master\src\server\transport\message-router.js:25:13)
    at WebSocket.<anonymous> (C:\Users\user\Desktop\Galaxy-Power-Party-master\src\server\app\bootstrap.js:211:21)
    at WebSocket.emit (node:events:508:28)
    at Receiver.receiverOnMessage (C:\Users\user\Desktop\Galaxy-Power-Party-master\node_modules\ws\lib\websocket.js:1225:20)
    at Receiver.emit (node:events:508:28)
    at Receiver.dataMessage (C:\Users\user\Desktop\Galaxy-Power-Party-master\node_modules\ws\lib\receiver.js:596:14)
[Error] handleApplyPreset: Error: Unknown aurora: null
    at createBattle (C:\Users\user\Desktop\Galaxy-Power-Party-master\src\core\battle-engine\state.js:243:34)
    at startGameIfReady (C:\Users\user\Desktop\Galaxy-Power-Party-master\src\server\app\handlers\room-lifecycle.js:37:24)
    at Object.handleApplyPreset (C:\Users\user\Desktop\Galaxy-Power-Party-master\src\server\app\handlers\lobby.js:134:5)
    at Object.run (C:\Users\user\Desktop\Galaxy-Power-Party-master\src\server\transport\message-routes\lobby.js:60:18)
    at Object.dispatch (C:\Users\user\Desktop\Galaxy-Power-Party-master\src\server\transport\message-router.js:25:13)
    at WebSocket.<anonymous> (C:\Users\user\Desktop\Galaxy-Power-Party-master\src\server\app\bootstrap.js:211:21)
    at WebSocket.emit (node:events:508:28)
    at Receiver.receiverOnMessage (C:\Users\user\Desktop\Galaxy-Power-Party-master\node_modules\ws\lib\websocket.js:1225:20)
    at Receiver.emit (node:events:508:28)
    at Receiver.dataMessage (C:\Users\user\Desktop\Galaxy-Power-Party-master\node_modules\ws\lib\receiver.js:596:14)
[Error] handleApplyPreset: Error: Unknown aurora: null
    at createBattle (C:\Users\user\Desktop\Galaxy-Power-Party-master\src\core\battle-engine\state.js:243:34)
    at startGameIfReady (C:\Users\user\Desktop\Galaxy-Power-Party-master\src\server\app\handlers\room-lifecycle.js:37:24)
    at Object.handleApplyPreset (C:\Users\user\Desktop\Galaxy-Power-Party-master\src\server\app\handlers\lobby.js:134:5)
    at Object.run (C:\Users\user\Desktop\Galaxy-Power-Party-master\src\server\transport\message-routes\lobby.js:60:18)
    at Object.dispatch (C:\Users\user\Desktop\Galaxy-Power-Party-master\src\server\transport\message-router.js:25:13)
    at WebSocket.<anonymous> (C:\Users\user\Desktop\Galaxy-Power-Party-master\src\server\app\bootstrap.js:211:21)
    at WebSocket.emit (node:events:508:28)
    at Receiver.receiverOnMessage (C:\Users\user\Desktop\Galaxy-Power-Party-master\node_modules\ws\lib\websocket.js:1225:20)
    at Receiver.emit (node:events:508:28)
    at Receiver.dataMessage (C:\Users\user\Desktop\Galaxy-Power-Party-master\node_modules\ws\lib\receiver.js:596:14)
